app/build/intermediates/manifest_merge_blame_file/debug/manifest-merger-blame-debug-report.txt
1<?xml version="1.0" encoding="utf-8"?>
2<manifest xmlns:android="http://schemas.android.com/apk/res/android"
3    package="com.example.beaconscanner"
4    android:versionCode="1"
5    android:versionName="1.0" >
6
7    <uses-sdk
8        android:minSdkVersion="26"
9        android:targetSdkVersion="34" />
10
11    <!-- Android 11 이하 호환 -->
12    <uses-permission
12-->src\main\AndroidManifest.xml:6:5-94
13        android:name="android.permission.BLUETOOTH"
13-->src\main\AndroidManifest.xml:6:22-65
14        android:maxSdkVersion="30"
14-->src\main\AndroidManifest.xml:6:66-92
15        android:required="false" />
15-->[org.altbeacon:android-beacon-library:2.20.3] AndroidManifest.xml:9:9-33
16    <uses-permission
16-->src\main\AndroidManifest.xml:7:5-100
17        android:name="android.permission.BLUETOOTH_ADMIN"
17-->src\main\AndroidManifest.xml:7:22-71
18        android:maxSdkVersion="30"
18-->src\main\AndroidManifest.xml:7:72-98
19        android:required="false" />
19-->[org.altbeacon:android-beacon-library:2.20.3] AndroidManifest.xml:12:9-33
20
21    <!-- Android 12(s) 이상 전용 -->
22    <uses-permission android:name="android.permission.BLUETOOTH_SCAN" />
22-->src\main\AndroidManifest.xml:10:5-11:30
22-->src\main\AndroidManifest.xml:10:22-70
23    <uses-permission android:name="android.permission.BLUETOOTH_CONNECT" />
23-->src\main\AndroidManifest.xml:12:5-75
23-->src\main\AndroidManifest.xml:12:22-73
24
25    <!-- 위치 권한 -->
26    <uses-permission android:name="android.permission.ACCESS_FINE_LOCATION" />
26-->src\main\AndroidManifest.xml:15:5-78
26-->src\main\AndroidManifest.xml:15:22-76
27    <uses-permission android:name="android.permission.ACCESS_COARSE_LOCATION" />
27-->src\main\AndroidManifest.xml:16:5-80
27-->src\main\AndroidManifest.xml:16:22-78
28    <uses-permission android:name="android.permission.ACCESS_BACKGROUND_LOCATION" />
28-->src\main\AndroidManifest.xml:17:5-84
28-->src\main\AndroidManifest.xml:17:22-82
29    <uses-permission android:name="android.permission.INTERNET" />
29-->src\main\AndroidManifest.xml:18:5-66
29-->src\main\AndroidManifest.xml:18:22-64
30
31    <!-- BLE 하드웨어 필수 선언 -->
32    <uses-feature
32-->src\main\AndroidManifest.xml:21:5-89
33        android:name="android.hardware.bluetooth_le"
33-->src\main\AndroidManifest.xml:21:19-63
34        android:required="true" />
34-->src\main\AndroidManifest.xml:21:64-87
35
36    <uses-permission android:name="android.permission.FOREGROUND_SERVICE_LOCATION" />
36-->[org.altbeacon:android-beacon-library:2.20.3] AndroidManifest.xml:13:5-86
36-->[org.altbeacon:android-beacon-library:2.20.3] AndroidManifest.xml:13:22-83
37    <uses-permission android:name="android.permission.RECEIVE_BOOT_COMPLETED" />
37-->[org.altbeacon:android-beacon-library:2.20.3] AndroidManifest.xml:14:5-81
37-->[org.altbeacon:android-beacon-library:2.20.3] AndroidManifest.xml:14:22-78
38
39    <permission
39-->[androidx.core:core:1.12.0] AndroidManifest.xml:22:5-24:47
40        android:name="com.example.beaconscanner.DYNAMIC_RECEIVER_NOT_EXPORTED_PERMISSION"
40-->[androidx.core:core:1.12.0] AndroidManifest.xml:23:9-81
41        android:protectionLevel="signature" />
41-->[androidx.core:core:1.12.0] AndroidManifest.xml:24:9-44
42
43    <uses-permission android:name="com.example.beaconscanner.DYNAMIC_RECEIVER_NOT_EXPORTED_PERMISSION" />
43-->[androidx.core:core:1.12.0] AndroidManifest.xml:26:5-97
43-->[androidx.core:core:1.12.0] AndroidManifest.xml:26:22-94
44
45    <application
45-->src\main\AndroidManifest.xml:23:5-40:19
46        android:name="com.example.beaconscanner.App"
46-->src\main\AndroidManifest.xml:24:9-28
47        android:allowBackup="true"
47-->src\main\AndroidManifest.xml:25:9-35
48        android:appComponentFactory="androidx.core.app.CoreComponentFactory"
48-->[androidx.core:core:1.12.0] AndroidManifest.xml:28:18-86
49        android:debuggable="true"
50        android:extractNativeLibs="false"
51        android:icon="@mipmap/ic_launcher"
51-->src\main\AndroidManifest.xml:26:9-43
52        android:label="Beacon Scanner"
52-->src\main\AndroidManifest.xml:27:9-39
53        android:networkSecurityConfig="@xml/network_security_config"
53-->src\main\AndroidManifest.xml:31:9-69
54        android:roundIcon="@mipmap/ic_launcher_round"
54-->src\main\AndroidManifest.xml:28:9-54
55        android:supportsRtl="true"
55-->src\main\AndroidManifest.xml:29:9-35
56        android:testOnly="true"
57        android:theme="@style/Theme.BeaconScanner" >
57-->src\main\AndroidManifest.xml:30:9-51
58        <activity
58-->src\main\AndroidManifest.xml:32:9-39:20
59            android:name="com.example.beaconscanner.MainActivity"
59-->src\main\AndroidManifest.xml:33:13-41
60            android:exported="true" >
60-->src\main\AndroidManifest.xml:34:13-36
61            <intent-filter>
61-->src\main\AndroidManifest.xml:35:13-38:29
62                <action android:name="android.intent.action.MAIN" />
62-->src\main\AndroidManifest.xml:36:17-68
62-->src\main\AndroidManifest.xml:36:25-66
63
64                <category android:name="android.intent.category.LAUNCHER" />
64-->src\main\AndroidManifest.xml:37:17-76
64-->src\main\AndroidManifest.xml:37:27-74
65            </intent-filter>
66        </activity>
67
68        <receiver
68-->[org.altbeacon:android-beacon-library:2.20.3] AndroidManifest.xml:18:9-26:20
69            android:name="org.altbeacon.beacon.startup.StartupBroadcastReceiver"
69-->[org.altbeacon:android-beacon-library:2.20.3] AndroidManifest.xml:19:13-81
70            android:exported="false" >
70-->[org.altbeacon:android-beacon-library:2.20.3] AndroidManifest.xml:20:13-37
71            <intent-filter>
71-->[org.altbeacon:android-beacon-library:2.20.3] AndroidManifest.xml:21:13-25:29
72                <action android:name="android.intent.action.BOOT_COMPLETED" />
72-->[org.altbeacon:android-beacon-library:2.20.3] AndroidManifest.xml:22:17-79
72-->[org.altbeacon:android-beacon-library:2.20.3] AndroidManifest.xml:22:25-76
73                <action android:name="android.intent.action.ACTION_POWER_CONNECTED" />
73-->[org.altbeacon:android-beacon-library:2.20.3] AndroidManifest.xml:23:17-87
73-->[org.altbeacon:android-beacon-library:2.20.3] AndroidManifest.xml:23:25-84
74                <action android:name="android.intent.action.ACTION_POWER_DISCONNECTED" />
74-->[org.altbeacon:android-beacon-library:2.20.3] AndroidManifest.xml:24:17-90
74-->[org.altbeacon:android-beacon-library:2.20.3] AndroidManifest.xml:24:25-87
75            </intent-filter>
76        </receiver>
77
78        <service
78-->[org.altbeacon:android-beacon-library:2.20.3] AndroidManifest.xml:28:9-34:38
79            android:name="org.altbeacon.beacon.service.BeaconService"
79-->[org.altbeacon:android-beacon-library:2.20.3] AndroidManifest.xml:29:13-70
80            android:enabled="true"
80-->[org.altbeacon:android-beacon-library:2.20.3] AndroidManifest.xml:30:13-35
81            android:exported="false"
81-->[org.altbeacon:android-beacon-library:2.20.3] AndroidManifest.xml:31:13-37
82            android:foregroundServiceType="location"
82-->[org.altbeacon:android-beacon-library:2.20.3] AndroidManifest.xml:32:13-53
83            android:isolatedProcess="false"
83-->[org.altbeacon:android-beacon-library:2.20.3] AndroidManifest.xml:33:13-44
84            android:label="beacon" />
84-->[org.altbeacon:android-beacon-library:2.20.3] AndroidManifest.xml:34:13-35
85        <service
85-->[org.altbeacon:android-beacon-library:2.20.3] AndroidManifest.xml:35:9-38:40
86            android:name="org.altbeacon.beacon.BeaconIntentProcessor"
86-->[org.altbeacon:android-beacon-library:2.20.3] AndroidManifest.xml:36:13-70
87            android:enabled="true"
87-->[org.altbeacon:android-beacon-library:2.20.3] AndroidManifest.xml:37:13-35
88            android:exported="false" />
88-->[org.altbeacon:android-beacon-library:2.20.3] AndroidManifest.xml:38:13-37
89        <service
89-->[org.altbeacon:android-beacon-library:2.20.3] AndroidManifest.xml:39:9-49:19
90            android:name="org.altbeacon.beacon.service.ScanJob"
90-->[org.altbeacon:android-beacon-library:2.20.3] AndroidManifest.xml:40:13-64
91            android:exported="false"
91-->[org.altbeacon:android-beacon-library:2.20.3] AndroidManifest.xml:41:13-37
92            android:permission="android.permission.BIND_JOB_SERVICE" >
92-->[org.altbeacon:android-beacon-library:2.20.3] AndroidManifest.xml:42:13-69
93            <meta-data
93-->[org.altbeacon:android-beacon-library:2.20.3] AndroidManifest.xml:43:13-45:45
94                android:name="immediateScanJobId"
94-->[org.altbeacon:android-beacon-library:2.20.3] AndroidManifest.xml:44:17-50
95                android:value="208352939" />
95-->[org.altbeacon:android-beacon-library:2.20.3] AndroidManifest.xml:45:17-42
96            <meta-data
96-->[org.altbeacon:android-beacon-library:2.20.3] AndroidManifest.xml:46:13-48:45
97                android:name="periodicScanJobId"
97-->[org.altbeacon:android-beacon-library:2.20.3] AndroidManifest.xml:47:17-49
98                android:value="208352940" />
98-->[org.altbeacon:android-beacon-library:2.20.3] AndroidManifest.xml:48:17-42
99        </service>
100        <service
100-->[org.altbeacon:android-beacon-library:2.20.3] AndroidManifest.xml:50:9-57:19
101            android:name="org.altbeacon.bluetooth.BluetoothTestJob"
101-->[org.altbeacon:android-beacon-library:2.20.3] AndroidManifest.xml:51:13-68
102            android:exported="false"
102-->[org.altbeacon:android-beacon-library:2.20.3] AndroidManifest.xml:52:13-37
103            android:permission="android.permission.BIND_JOB_SERVICE" >
103-->[org.altbeacon:android-beacon-library:2.20.3] AndroidManifest.xml:53:13-69
104            <meta-data
104-->[org.altbeacon:android-beacon-library:2.20.3] AndroidManifest.xml:54:13-56:46
105                android:name="jobId"
105-->[org.altbeacon:android-beacon-library:2.20.3] AndroidManifest.xml:55:17-37
106                android:value="1799803768" />
106-->[org.altbeacon:android-beacon-library:2.20.3] AndroidManifest.xml:56:17-43
107        </service>
108
109        <provider
109-->[androidx.emoji2:emoji2:1.2.0] AndroidManifest.xml:24:9-32:20
110            android:name="androidx.startup.InitializationProvider"
110-->[androidx.emoji2:emoji2:1.2.0] AndroidManifest.xml:25:13-67
111            android:authorities="com.example.beaconscanner.androidx-startup"
111-->[androidx.emoji2:emoji2:1.2.0] AndroidManifest.xml:26:13-68
112            android:exported="false" >
112-->[androidx.emoji2:emoji2:1.2.0] AndroidManifest.xml:27:13-37
113            <meta-data
113-->[androidx.emoji2:emoji2:1.2.0] AndroidManifest.xml:29:13-31:52
114                android:name="androidx.emoji2.text.EmojiCompatInitializer"
114-->[androidx.emoji2:emoji2:1.2.0] AndroidManifest.xml:30:17-75
115                android:value="androidx.startup" />
115-->[androidx.emoji2:emoji2:1.2.0] AndroidManifest.xml:31:17-49
116            <meta-data
116-->[androidx.lifecycle:lifecycle-process:2.6.1] AndroidManifest.xml:29:13-31:52
117                android:name="androidx.lifecycle.ProcessLifecycleInitializer"
117-->[androidx.lifecycle:lifecycle-process:2.6.1] AndroidManifest.xml:30:17-78
118                android:value="androidx.startup" />
118-->[androidx.lifecycle:lifecycle-process:2.6.1] AndroidManifest.xml:31:17-49
119            <meta-data
119-->[androidx.profileinstaller:profileinstaller:1.3.0] AndroidManifest.xml:29:13-31:52
120                android:name="androidx.profileinstaller.ProfileInstallerInitializer"
120-->[androidx.profileinstaller:profileinstaller:1.3.0] AndroidManifest.xml:30:17-85
121                android:value="androidx.startup" />
121-->[androidx.profileinstaller:profileinstaller:1.3.0] AndroidManifest.xml:31:17-49
122        </provider>
123
124        <receiver
124-->[androidx.profileinstaller:profileinstaller:1.3.0] AndroidManifest.xml:34:9-52:20
125            android:name="androidx.profileinstaller.ProfileInstallReceiver"
125-->[androidx.profileinstaller:profileinstaller:1.3.0] AndroidManifest.xml:35:13-76
126            android:directBootAware="false"
126-->[androidx.profileinstaller:profileinstaller:1.3.0] AndroidManifest.xml:36:13-44
127            android:enabled="true"
127-->[androidx.profileinstaller:profileinstaller:1.3.0] AndroidManifest.xml:37:13-35
128            android:exported="true"
128-->[androidx.profileinstaller:profileinstaller:1.3.0] AndroidManifest.xml:38:13-36
129            android:permission="android.permission.DUMP" >
129-->[androidx.profileinstaller:profileinstaller:1.3.0] AndroidManifest.xml:39:13-57
130            <intent-filter>
130-->[androidx.profileinstaller:profileinstaller:1.3.0] AndroidManifest.xml:40:13-42:29
131                <action android:name="androidx.profileinstaller.action.INSTALL_PROFILE" />
131-->[androidx.profileinstaller:profileinstaller:1.3.0] AndroidManifest.xml:41:17-91
131-->[androidx.profileinstaller:profileinstaller:1.3.0] AndroidManifest.xml:41:25-88
132            </intent-filter>
133            <intent-filter>
133-->[androidx.profileinstaller:profileinstaller:1.3.0] AndroidManifest.xml:43:13-45:29
134                <action android:name="androidx.profileinstaller.action.SKIP_FILE" />
134-->[androidx.profileinstaller:profileinstaller:1.3.0] AndroidManifest.xml:44:17-85
134-->[androidx.profileinstaller:profileinstaller:1.3.0] AndroidManifest.xml:44:25-82
135            </intent-filter>
136            <intent-filter>
136-->[androidx.profileinstaller:profileinstaller:1.3.0] AndroidManifest.xml:46:13-48:29
137                <action android:name="androidx.profileinstaller.action.SAVE_PROFILE" />
137-->[androidx.profileinstaller:profileinstaller:1.3.0] AndroidManifest.xml:47:17-88
137-->[androidx.profileinstaller:profileinstaller:1.3.0] AndroidManifest.xml:47:25-85
138            </intent-filter>
139            <intent-filter>
139-->[androidx.profileinstaller:profileinstaller:1.3.0] AndroidManifest.xml:49:13-51:29
140                <action android:name="androidx.profileinstaller.action.BENCHMARK_OPERATION" />
140-->[androidx.profileinstaller:profileinstaller:1.3.0] AndroidManifest.xml:50:17-95
140-->[androidx.profileinstaller:profileinstaller:1.3.0] AndroidManifest.xml:50:25-92
141            </intent-filter>
142        </receiver>
143    </application>
144
145</manifest>